    1  pwd
    2  cd/c/3_Semester/DIS08_Datenmodellierung/bashcrawl-stable-2024.02.09
    3  /mnt/c/Users/milla/Downloads/bashcrawl-stable-2024.02.09/entrance
    4  cd /mnt/c/Users/milla/Downloads/bashcrawl-stable-2024.02.09/entrance
    5  ls/mnt/c/Users/milla/Downloads
    6  ls /mnt/c/Users/milla/Downloads
    7  ls /mnt/c/Users/milla/Downloads/bashcrawl-stable-2024.02.09
    8  ls /mnt/c/3_Semester/DIS08_Datenmodellierung
    9  cd /mnt/c/3_Semester/DIS08_Datenmodellierung/bashcrawl-stable-2024.02.09/entrance
   10  pwd
   11  ls
   12  cat scroll
   13  ls
   14  cd cellar
   15  ls
   16  cd armoury
   17  ls
   18  cd chamber ls
   19  cd chamber
   20  ls
   21  cd scroll
   22  ls
   23  pwd
   24  cd ..
   25  ls -a
   26  cd .chapel
   27  ls
   28  cd courtyard
   29  ls
   30  cat courtyard.txt
   31  cd aviary
   32  ls
   33  cd hall
   34  ls
   35  cd library
   36  ls
   37  pwd
   38  cd ..
   39  ls
   40  ls -a
   41  cd .vault
   42  ls
   43  cd stronghold
   44  ls
   45  cd nursery
   46  ls
   47  cd lab
   48  ls
   49  pwd
   50  cd ..
   51  history -100 >> bashcrawl.log
   52  history N
   53  history >> bashcrawl.log
